-- Building for: Visual Studio 17 2022
-- Selecting Windows SDK version 10.0.22621.0 to target Windows 10.0.19045.
-- The C compiler identification is MSVC 19.38.33135.0
-- The CXX compiler identification is MSVC 19.38.33135.0
-- Detecting C compiler ABI info
-- Detecting C compiler ABI info - done
-- Check for working C compiler: C:/Program Files/Microsoft Visual Studio/2022/Community/VC/Tools/MSVC/14.38.33130/bin/Hostx64/x64/cl.exe - skipped
-- Detecting C compile features
-- Detecting C compile features - done
-- Detecting CXX compiler ABI info
-- Detecting CXX compiler ABI info - done
-- Check for working CXX compiler: C:/Program Files/Microsoft Visual Studio/2022/Community/VC/Tools/MSVC/14.38.33130/bin/Hostx64/x64/cl.exe - skipped
-- Detecting CXX compile features
-- Detecting CXX compile features - done
-- Performing Test CMAKE_HAVE_LIBC_PTHREAD
-- Performing Test CMAKE_HAVE_LIBC_PTHREAD - Failed
-- Looking for pthread_create in pthreads
-- Looking for pthread_create in pthreads - not found
-- Looking for pthread_create in pthread
-- Looking for pthread_create in pthread - not found
-- Found Threads: TRUE  
-- Found tinysplinecxx: C:/Programs/vcpkg/installed/x64-windows/include  
-- Found Protobuf: C:/Programs/vcpkg/installed/x64-windows/tools/protobuf/protoc.exe (found version "3.21.12.0") 
-- Found TIFF: optimized;C:/Programs/vcpkg/installed/x64-windows/lib/tiff.lib;debug;C:/Programs/vcpkg/installed/x64-windows/debug/lib/tiffd.lib (found version "4.6.0")  
-- Found OpenCV: C:/Programs/vcpkg/installed/x64-windows (found version "4.8.0") 
-- Configuring done
-- Generating done
