    48>C:\Program Files\Microsoft Visual Studio\2022\Community\VC\Tools\MSVC\14.38.33130\include\xutility(255,61): warning C4244: инициализация: преобразование "int" в "_Ty", возможна потеря данных [C:\Temp\misis2023f-23-check\misis2024s-23-02-mehova-m-s\build.check\prj.test\test_queuelstprt.vcxproj]
C:\Program Files\Microsoft Visual Studio\2022\Community\VC\Tools\MSVC\14.38.33130\include\xutility(255,61): warning C4244:         with [C:\Temp\misis2023f-23-check\misis2024s-23-02-mehova-m-s\build.check\prj.test\test_queuelstprt.vcxproj]
C:\Program Files\Microsoft Visual Studio\2022\Community\VC\Tools\MSVC\14.38.33130\include\xutility(255,61): warning C4244:         [ [C:\Temp\misis2023f-23-check\misis2024s-23-02-mehova-m-s\build.check\prj.test\test_queuelstprt.vcxproj]
C:\Program Files\Microsoft Visual Studio\2022\Community\VC\Tools\MSVC\14.38.33130\include\xutility(255,61): warning C4244:             _Ty=float [C:\Temp\misis2023f-23-check\misis2024s-23-02-mehova-m-s\build.check\prj.test\test_queuelstprt.vcxproj]
C:\Program Files\Microsoft Visual Studio\2022\Community\VC\Tools\MSVC\14.38.33130\include\xutility(255,61): warning C4244:         ] [C:\Temp\misis2023f-23-check\misis2024s-23-02-mehova-m-s\build.check\prj.test\test_queuelstprt.vcxproj]
    48>C:\Program Files\Microsoft Visual Studio\2022\Community\VC\Tools\MSVC\14.38.33130\include\xmemory(723,82): warning C4244: инициализация: преобразование "int" в "_Objty", возможна потеря данных [C:\Temp\misis2023f-23-check\misis2024s-23-02-mehova-m-s\build.check\prj.test\test_queuelstprt.vcxproj]
C:\Program Files\Microsoft Visual Studio\2022\Community\VC\Tools\MSVC\14.38.33130\include\xmemory(723,82): warning C4244:         with [C:\Temp\misis2023f-23-check\misis2024s-23-02-mehova-m-s\build.check\prj.test\test_queuelstprt.vcxproj]
C:\Program Files\Microsoft Visual Studio\2022\Community\VC\Tools\MSVC\14.38.33130\include\xmemory(723,82): warning C4244:         [ [C:\Temp\misis2023f-23-check\misis2024s-23-02-mehova-m-s\build.check\prj.test\test_queuelstprt.vcxproj]
C:\Program Files\Microsoft Visual Studio\2022\Community\VC\Tools\MSVC\14.38.33130\include\xmemory(723,82): warning C4244:             _Objty=float [C:\Temp\misis2023f-23-check\misis2024s-23-02-mehova-m-s\build.check\prj.test\test_queuelstprt.vcxproj]
C:\Program Files\Microsoft Visual Studio\2022\Community\VC\Tools\MSVC\14.38.33130\include\xmemory(723,82): warning C4244:         ] [C:\Temp\misis2023f-23-check\misis2024s-23-02-mehova-m-s\build.check\prj.test\test_queuelstprt.vcxproj]
    43>C:\Temp\misis2023f-23-check\misis2024s-23-02-mehova-m-s\prj.test\doctest.h(1527,9): warning C4805: ==: небезопасное смешение типа "T" и типа "T" в операции [C:\Temp\misis2023f-23-check\misis2024s-23-02-mehova-m-s\build.check\prj.test\test_bitset.vcxproj]
C:\Temp\misis2023f-23-check\misis2024s-23-02-mehova-m-s\prj.test\doctest.h(1527,9): warning C4805:         with [C:\Temp\misis2023f-23-check\misis2024s-23-02-mehova-m-s\build.check\prj.test\test_bitset.vcxproj]
C:\Temp\misis2023f-23-check\misis2024s-23-02-mehova-m-s\prj.test\doctest.h(1527,9): warning C4805:         [ [C:\Temp\misis2023f-23-check\misis2024s-23-02-mehova-m-s\build.check\prj.test\test_bitset.vcxproj]
C:\Temp\misis2023f-23-check\misis2024s-23-02-mehova-m-s\prj.test\doctest.h(1527,9): warning C4805:             T=bool [C:\Temp\misis2023f-23-check\misis2024s-23-02-mehova-m-s\build.check\prj.test\test_bitset.vcxproj]
C:\Temp\misis2023f-23-check\misis2024s-23-02-mehova-m-s\prj.test\doctest.h(1527,9): warning C4805:         ] [C:\Temp\misis2023f-23-check\misis2024s-23-02-mehova-m-s\build.check\prj.test\test_bitset.vcxproj]
C:\Temp\misis2023f-23-check\misis2024s-23-02-mehova-m-s\prj.test\doctest.h(1527,9): warning C4805:         and [C:\Temp\misis2023f-23-check\misis2024s-23-02-mehova-m-s\build.check\prj.test\test_bitset.vcxproj]
C:\Temp\misis2023f-23-check\misis2024s-23-02-mehova-m-s\prj.test\doctest.h(1527,9): warning C4805:         [ [C:\Temp\misis2023f-23-check\misis2024s-23-02-mehova-m-s\build.check\prj.test\test_bitset.vcxproj]
C:\Temp\misis2023f-23-check\misis2024s-23-02-mehova-m-s\prj.test\doctest.h(1527,9): warning C4805:             T=int [C:\Temp\misis2023f-23-check\misis2024s-23-02-mehova-m-s\build.check\prj.test\test_bitset.vcxproj]
C:\Temp\misis2023f-23-check\misis2024s-23-02-mehova-m-s\prj.test\doctest.h(1527,9): warning C4805:         ] [C:\Temp\misis2023f-23-check\misis2024s-23-02-mehova-m-s\build.check\prj.test\test_bitset.vcxproj]
    43>C:\Temp\misis2023f-23-check\misis2024s-23-02-mehova-m-s\prj.test\doctest.h(1527,9): warning C4805: ==: небезопасное смешение типа "bool" и типа "T" в операции [C:\Temp\misis2023f-23-check\misis2024s-23-02-mehova-m-s\build.check\prj.test\test_bitset.vcxproj]
C:\Temp\misis2023f-23-check\misis2024s-23-02-mehova-m-s\prj.test\doctest.h(1527,9): warning C4805:         with [C:\Temp\misis2023f-23-check\misis2024s-23-02-mehova-m-s\build.check\prj.test\test_bitset.vcxproj]
C:\Temp\misis2023f-23-check\misis2024s-23-02-mehova-m-s\prj.test\doctest.h(1527,9): warning C4805:         [ [C:\Temp\misis2023f-23-check\misis2024s-23-02-mehova-m-s\build.check\prj.test\test_bitset.vcxproj]
C:\Temp\misis2023f-23-check\misis2024s-23-02-mehova-m-s\prj.test\doctest.h(1527,9): warning C4805:             T=int [C:\Temp\misis2023f-23-check\misis2024s-23-02-mehova-m-s\build.check\prj.test\test_bitset.vcxproj]
C:\Temp\misis2023f-23-check\misis2024s-23-02-mehova-m-s\prj.test\doctest.h(1527,9): warning C4805:         ] [C:\Temp\misis2023f-23-check\misis2024s-23-02-mehova-m-s\build.check\prj.test\test_bitset.vcxproj]
    43>C:\Temp\misis2023f-23-check\misis2024s-23-02-mehova-m-s\prj.test\doctest.h(1528,9): warning C4805: !=: небезопасное смешение типа "bool" и типа "T" в операции [C:\Temp\misis2023f-23-check\misis2024s-23-02-mehova-m-s\build.check\prj.test\test_bitset.vcxproj]
C:\Temp\misis2023f-23-check\misis2024s-23-02-mehova-m-s\prj.test\doctest.h(1528,9): warning C4805:         with [C:\Temp\misis2023f-23-check\misis2024s-23-02-mehova-m-s\build.check\prj.test\test_bitset.vcxproj]
C:\Temp\misis2023f-23-check\misis2024s-23-02-mehova-m-s\prj.test\doctest.h(1528,9): warning C4805:         [ [C:\Temp\misis2023f-23-check\misis2024s-23-02-mehova-m-s\build.check\prj.test\test_bitset.vcxproj]
C:\Temp\misis2023f-23-check\misis2024s-23-02-mehova-m-s\prj.test\doctest.h(1528,9): warning C4805:             T=int [C:\Temp\misis2023f-23-check\misis2024s-23-02-mehova-m-s\build.check\prj.test\test_bitset.vcxproj]
C:\Temp\misis2023f-23-check\misis2024s-23-02-mehova-m-s\prj.test\doctest.h(1528,9): warning C4805:         ] [C:\Temp\misis2023f-23-check\misis2024s-23-02-mehova-m-s\build.check\prj.test\test_bitset.vcxproj]
    43>C:\Temp\misis2023f-23-check\misis2024s-23-02-mehova-m-s\prj.test\doctest.h(1474,5): warning C4805: ==: небезопасное смешение типа "const L" и типа "const R" в операции [C:\Temp\misis2023f-23-check\misis2024s-23-02-mehova-m-s\build.check\prj.test\test_bitset.vcxproj]
C:\Temp\misis2023f-23-check\misis2024s-23-02-mehova-m-s\prj.test\doctest.h(1474,5): warning C4805:         with [C:\Temp\misis2023f-23-check\misis2024s-23-02-mehova-m-s\build.check\prj.test\test_bitset.vcxproj]
C:\Temp\misis2023f-23-check\misis2024s-23-02-mehova-m-s\prj.test\doctest.h(1474,5): warning C4805:         [ [C:\Temp\misis2023f-23-check\misis2024s-23-02-mehova-m-s\build.check\prj.test\test_bitset.vcxproj]
C:\Temp\misis2023f-23-check\misis2024s-23-02-mehova-m-s\prj.test\doctest.h(1474,5): warning C4805:             L=bool [C:\Temp\misis2023f-23-check\misis2024s-23-02-mehova-m-s\build.check\prj.test\test_bitset.vcxproj]
C:\Temp\misis2023f-23-check\misis2024s-23-02-mehova-m-s\prj.test\doctest.h(1474,5): warning C4805:         ] [C:\Temp\misis2023f-23-check\misis2024s-23-02-mehova-m-s\build.check\prj.test\test_bitset.vcxproj]
C:\Temp\misis2023f-23-check\misis2024s-23-02-mehova-m-s\prj.test\doctest.h(1474,5): warning C4805:         and [C:\Temp\misis2023f-23-check\misis2024s-23-02-mehova-m-s\build.check\prj.test\test_bitset.vcxproj]
C:\Temp\misis2023f-23-check\misis2024s-23-02-mehova-m-s\prj.test\doctest.h(1474,5): warning C4805:         [ [C:\Temp\misis2023f-23-check\misis2024s-23-02-mehova-m-s\build.check\prj.test\test_bitset.vcxproj]
C:\Temp\misis2023f-23-check\misis2024s-23-02-mehova-m-s\prj.test\doctest.h(1474,5): warning C4805:             R=int [C:\Temp\misis2023f-23-check\misis2024s-23-02-mehova-m-s\build.check\prj.test\test_bitset.vcxproj]
C:\Temp\misis2023f-23-check\misis2024s-23-02-mehova-m-s\prj.test\doctest.h(1474,5): warning C4805:         ] [C:\Temp\misis2023f-23-check\misis2024s-23-02-mehova-m-s\build.check\prj.test\test_bitset.vcxproj]
